#
# There is insufficient memory for the Java Runtime Environment to continue.
# Native memory allocation (malloc) failed to allocate 968656 bytes for Chunk::new
# Possible reasons:
#   The system is out of physical RAM or swap space
#   In 32 bit mode, the process size limit was hit
# Possible solutions:
#   Reduce memory load on the system
#   Increase physical memory or swap space
#   Check if swap backing store is full
#   Use 64 bit Java on a 64 bit OS
#   Decrease Java heap size (-Xmx/-Xms)
#   Decrease number of Java threads
#   Decrease Java thread stack sizes (-Xss)
#   Set larger code cache with -XX:ReservedCodeCacheSize=
# This output file may be truncated or incomplete.
#
#  Out of Memory Error (allocation.cpp:390), pid=7556, tid=7356
#
# JRE version: Java(TM) SE Runtime Environment (8.0_77-b03) (build 1.8.0_77-b03)
# Java VM: Java HotSpot(TM) 64-Bit Server VM (25.77-b03 mixed mode windows-amd64 compressed oops)
# Failed to write core dump. Minidumps are not enabled by default on client versions of Windows
#

---------------  T H R E A D  ---------------

Current thread (0x000000000637d000):  JavaThread "C2 CompilerThread0" daemon [_thread_in_native, id=7356, stack(0x0000000007ea0000,0x0000000007fa0000)]

Stack: [0x0000000007ea0000,0x0000000007fa0000]
[error occurred during error reporting (printing stack bounds), id 0xc0000005]

Native frames: (J=compiled Java code, j=interpreted, Vv=VM code, C=native code)


Current CompileTask:
C2:  21865 1978       4       com.android.dx.ssa.ConstCollector::getConstsSortedByCountUse (386 bytes)


---------------  P R O C E S S  ---------------

Java Threads: ( => current thread )
  0x0000000007b5b800 JavaThread "pool-1-thread-4" [_thread_blocked, id=7908, stack(0x0000000009330000,0x0000000009430000)]
  0x0000000007b58800 JavaThread "pool-1-thread-3" [_thread_blocked, id=7960, stack(0x00000000091a0000,0x00000000092a0000)]
  0x0000000007b58000 JavaThread "pool-1-thread-2" [_thread_blocked, id=6820, stack(0x0000000009020000,0x0000000009120000)]
  0x0000000007b51000 JavaThread "pool-2-thread-1" [_thread_blocked, id=7200, stack(0x0000000008eb0000,0x0000000008fb0000)]
  0x0000000007b50800 JavaThread "pool-1-thread-1" [_thread_blocked, id=6184, stack(0x0000000008d50000,0x0000000008e50000)]
  0x000000000783b800 JavaThread "Service Thread" daemon [_thread_blocked, id=6688, stack(0x0000000008240000,0x0000000008340000)]
  0x00000000077e4000 JavaThread "C1 CompilerThread2" daemon [_thread_blocked, id=6784, stack(0x0000000008000000,0x0000000008100000)]
  0x00000000077e1000 JavaThread "C2 CompilerThread1" daemon [_thread_in_native, id=8168, stack(0x0000000007590000,0x0000000007690000)]
=>0x000000000637d000 JavaThread "C2 CompilerThread0" daemon [_thread_in_native, id=7356, stack(0x0000000007ea0000,0x0000000007fa0000)]
  0x000000000779a800 JavaThread "Attach Listener" daemon [_thread_blocked, id=8096, stack(0x0000000007ba0000,0x0000000007ca0000)]
  0x0000000006378000 JavaThread "Signal Dispatcher" daemon [_thread_blocked, id=8204, stack(0x0000000007d20000,0x0000000007e20000)]
  0x0000000006359800 JavaThread "Finalizer" daemon [_thread_blocked, id=8012, stack(0x0000000007690000,0x0000000007790000)]
  0x0000000006312800 JavaThread "Reference Handler" daemon [_thread_blocked, id=7704, stack(0x0000000007450000,0x0000000007550000)]
  0x0000000001d4e800 JavaThread "main" [_thread_in_native, id=6776, stack(0x00000000029b0000,0x0000000002ab0000)]

Other Threads:
  0x000000000630b000 VMThread [stack: 0x0000000007300000,0x0000000007400000] [id=8184]
  0x0000000007862800 WatcherThread [stack: 0x00000000083d0000,0x00000000084d0000] [id=6728]

VM state:not at safepoint (normal execution)

VM Mutex/Monitor currently owned by a thread: None

Heap:
 PSYoungGen      total 71680K, used 6878K [0x00000000eab00000, 0x00000000ef600000, 0x0000000100000000)
  eden space 66560K, 2% used [0x00000000eab00000,0x00000000eacbbf68,0x00000000eec00000)
  from space 5120K, 99% used [0x00000000eec00000,0x00000000ef0fbc70,0x00000000ef100000)
  to   space 5120K, 0% used [0x00000000ef100000,0x00000000ef100000,0x00000000ef600000)
 ParOldGen       total 87552K, used 16549K [0x00000000c0000000, 0x00000000c5580000, 0x00000000eab00000)
  object space 87552K, 18% used [0x00000000c0000000,0x00000000c1029418,0x00000000c5580000)
 Metaspace       used 6436K, capacity 7128K, committed 7424K, reserved 1056768K
  class space    used 626K, capacity 656K, committed 768K, reserved 1048576K

Card table byte_map: [0x0000000002e70000,0x0000000003080000] byte_map_base: 0x0000000002870000

Marking Bits: (ParMarkBitMap*) 0x000000006a640600
 Begin Bits: [0x0000000003780000, 0x0000000004780000)
 End Bits:   [0x0000000004780000, 0x0000000005780000)

Polling page: 0x0000000001c60000

CodeCache: size=245760Kb used=9860Kb max_used=9876Kb free=235899Kb
 bounds [0x000000000f010000, 0x000000000f9d0000, 0x000000001e010000]
 total_blobs=2228 nmethods=1956 adapters=184
 compilation: enabled

Compilation events (10 events):
Event: 21.381 Thread 0x000000000637d000 1976       4       com.android.dx.rop.cst.CstType::compareTo0 (25 bytes)
Event: 21.381 Thread 0x00000000077e1000 1977       4       com.android.dx.ssa.back.InterferenceGraph::<init> (42 bytes)
Event: 21.382 Thread 0x000000000637d000 nmethod 1976 0x000000000f98c610 code [0x000000000f98c760, 0x000000000f98c8f8]
Event: 21.382 Thread 0x000000000637d000 1978       4       com.android.dx.ssa.ConstCollector::getConstsSortedByCountUse (386 bytes)
Event: 21.394 Thread 0x00000000077e1000 nmethod 1977 0x000000000f91ca50 code [0x000000000f91cbc0, 0x000000000f91d2f8]
Event: 21.662 Thread 0x00000000077e1000 1979       4       com.android.dx.util.LabeledList::<init> (57 bytes)
Event: 21.686 Thread 0x00000000077e1000 nmethod 1979 0x000000000f9a2450 code [0x000000000f9a25e0, 0x000000000f9a2ef8]
Event: 21.686 Thread 0x00000000077e1000 1980       4       com.android.dx.rop.cst.CstType::equals (29 bytes)
Event: 21.686 Thread 0x00000000077e1000 nmethod 1980 0x000000000f813ed0 code [0x000000000f814000, 0x000000000f814078]
Event: 21.688 Thread 0x00000000077e1000 1981       4       com.android.dx.ssa.SsaConverter::edgeSplitPredecessors (44 bytes)

GC Heap History (6 events):
Event: 2.061 GC heap before
{Heap before GC invocations=1 (full 0):
 PSYoungGen      total 38400K, used 33280K [0x00000000eab00000, 0x00000000ed580000, 0x0000000100000000)
  eden space 33280K, 100% used [0x00000000eab00000,0x00000000ecb80000,0x00000000ecb80000)
  from space 5120K, 0% used [0x00000000ed080000,0x00000000ed080000,0x00000000ed580000)
  to   space 5120K, 0% used [0x00000000ecb80000,0x00000000ecb80000,0x00000000ed080000)
 ParOldGen       total 87552K, used 0K [0x00000000c0000000, 0x00000000c5580000, 0x00000000eab00000)
  object space 87552K, 0% used [0x00000000c0000000,0x00000000c0000000,0x00000000c5580000)
 Metaspace       used 6057K, capacity 6902K, committed 7040K, reserved 1056768K
  class space    used 605K, capacity 622K, committed 640K, reserved 1048576K
Event: 2.182 GC heap after
Heap after GC invocations=1 (full 0):
 PSYoungGen      total 38400K, used 5092K [0x00000000eab00000, 0x00000000ef600000, 0x0000000100000000)
  eden space 33280K, 0% used [0x00000000eab00000,0x00000000eab00000,0x00000000ecb80000)
  from space 5120K, 99% used [0x00000000ecb80000,0x00000000ed079140,0x00000000ed080000)
  to   space 5120K, 0% used [0x00000000ef100000,0x00000000ef100000,0x00000000ef600000)
 ParOldGen       total 87552K, used 1455K [0x00000000c0000000, 0x00000000c5580000, 0x00000000eab00000)
  object space 87552K, 1% used [0x00000000c0000000,0x00000000c016bee0,0x00000000c5580000)
 Metaspace       used 6057K, capacity 6902K, committed 7040K, reserved 1056768K
  class space    used 605K, capacity 622K, committed 640K, reserved 1048576K
}
Event: 4.376 GC heap before
{Heap before GC invocations=2 (full 0):
 PSYoungGen      total 38400K, used 38372K [0x00000000eab00000, 0x00000000ef600000, 0x0000000100000000)
  eden space 33280K, 100% used [0x00000000eab00000,0x00000000ecb80000,0x00000000ecb80000)
  from space 5120K, 99% used [0x00000000ecb80000,0x00000000ed079140,0x00000000ed080000)
  to   space 5120K, 0% used [0x00000000ef100000,0x00000000ef100000,0x00000000ef600000)
 ParOldGen       total 87552K, used 1455K [0x00000000c0000000, 0x00000000c5580000, 0x00000000eab00000)
  object space 87552K, 1% used [0x00000000c0000000,0x00000000c016bee0,0x00000000c5580000)
 Metaspace       used 6331K, capacity 7128K, committed 7424K, reserved 1056768K
  class space    used 625K, capacity 656K, committed 768K, reserved 1048576K
Event: 4.791 GC heap after
Heap after GC invocations=2 (full 0):
 PSYoungGen      total 71680K, used 5103K [0x00000000eab00000, 0x00000000ef600000, 0x0000000100000000)
  eden space 66560K, 0% used [0x00000000eab00000,0x00000000eab00000,0x00000000eec00000)
  from space 5120K, 99% used [0x00000000ef100000,0x00000000ef5fbe70,0x00000000ef600000)
  to   space 5120K, 0% used [0x00000000eec00000,0x00000000eec00000,0x00000000ef100000)
 ParOldGen       total 87552K, used 5569K [0x00000000c0000000, 0x00000000c5580000, 0x00000000eab00000)
  object space 87552K, 6% used [0x00000000c0000000,0x00000000c0570768,0x00000000c5580000)
 Metaspace       used 6331K, capacity 7128K, committed 7424K, reserved 1056768K
  class space    used 625K, capacity 656K, committed 768K, reserved 1048576K
}
Event: 21.724 GC heap before
{Heap before GC invocations=3 (full 0):
 PSYoungGen      total 71680K, used 71663K [0x00000000eab00000, 0x00000000ef600000, 0x0000000100000000)
  eden space 66560K, 100% used [0x00000000eab00000,0x00000000eec00000,0x00000000eec00000)
  from space 5120K, 99% used [0x00000000ef100000,0x00000000ef5fbe70,0x00000000ef600000)
  to   space 5120K, 0% used [0x00000000eec00000,0x00000000eec00000,0x00000000ef100000)
 ParOldGen       total 87552K, used 5569K [0x00000000c0000000, 0x00000000c5580000, 0x00000000eab00000)
  object space 87552K, 6% used [0x00000000c0000000,0x00000000c0570768,0x00000000c5580000)
 Metaspace       used 6436K, capacity 7128K, committed 7424K, reserved 1056768K
  class space    used 626K, capacity 656K, committed 768K, reserved 1048576K
Event: 21.753 GC heap after
Heap after GC invocations=3 (full 0):
 PSYoungGen      total 71680K, used 5103K [0x00000000eab00000, 0x00000000ef600000, 0x0000000100000000)
  eden space 66560K, 0% used [0x00000000eab00000,0x00000000eab00000,0x00000000eec00000)
  from space 5120K, 99% used [0x00000000eec00000,0x00000000ef0fbc70,0x00000000ef100000)
  to   space 5120K, 0% used [0x00000000ef100000,0x00000000ef100000,0x00000000ef600000)
 ParOldGen       total 87552K, used 16549K [0x00000000c0000000, 0x00000000c5580000, 0x00000000eab00000)
  object space 87552K, 18% used [0x00000000c0000000,0x00000000c1029418,0x00000000c5580000)
 Metaspace       used 6436K, capacity 7128K, committed 7424K, reserved 1056768K
  class space    used 626K, capacity 656K, committed 768K, reserved 1048576K
}

Deoptimization events (10 events):
Event: 4.293 Thread 0x0000000007b58800 Uncommon trap: reason=unstable_if action=reinterpret pc=0x000000000f381df4 method=java.util.HashMap.getNode(ILjava/lang/Object;)Ljava/util/HashMap$Node; @ 84
Event: 7.252 Thread 0x0000000007b50800 Uncommon trap: reason=bimorphic action=maybe_recompile pc=0x000000000f766518 method=com.android.dx.cf.code.BytecodeArray.parseInstruction(ILcom/android/dx/cf/code/BytecodeArray$Visitor;)I @ 891
Event: 7.252 Thread 0x0000000007b50800 Uncommon trap: reason=bimorphic action=maybe_recompile pc=0x000000000f766518 method=com.android.dx.cf.code.BytecodeArray.parseInstruction(ILcom/android/dx/cf/code/BytecodeArray$Visitor;)I @ 891
Event: 11.828 Thread 0x0000000007b58000 Uncommon trap: reason=unstable_if action=reinterpret pc=0x000000000f7a82dc method=com.android.dx.util.BitIntSet.has(I)Z @ 8
Event: 11.828 Thread 0x0000000007b58000 Uncommon trap: reason=unstable_if action=reinterpret pc=0x000000000f702534 method=com.android.dx.util.BitIntSet.has(I)Z @ 8
Event: 11.997 Thread 0x0000000007b58000 Uncommon trap: reason=unstable_if action=reinterpret pc=0x000000000f643604 method=java.util.HashMap.resize()[Ljava/util/HashMap$Node; @ 206
Event: 13.345 Thread 0x0000000007b58800 Uncommon trap: reason=unstable_if action=reinterpret pc=0x000000000f5cf158 method=com.android.dx.ssa.SCCP.simulateBranch(Lcom/android/dx/ssa/SsaInsn;)V @ 64
Event: 16.738 Thread 0x0000000007b50800 Uncommon trap: reason=unstable_if action=reinterpret pc=0x000000000f870e9c method=com.android.dx.cf.code.ByteCatchList.listFor(I)Lcom/android/dx/cf/code/ByteCatchList; @ 47
Event: 16.738 Thread 0x0000000007b50800 Uncommon trap: reason=unstable_if action=reinterpret pc=0x000000000f769b6c method=com.android.dx.cf.code.ByteCatchList.listFor(I)Lcom/android/dx/cf/code/ByteCatchList; @ 47
Event: 16.766 Thread 0x0000000007b50800 Uncommon trap: reason=unstable_if action=reinterpret pc=0x000000000f891484 method=com.android.dx.rop.code.BasicBlockList.preferredSuccessorOf(Lcom/android/dx/rop/code/BasicBlock;)Lcom/android/dx/rop/code/BasicBlock; @ 58

Internal exceptions (5 events):
Event: 0.042 Thread 0x0000000001d4e800 Exception <a 'java/lang/NoSuchMethodError': Method sun.misc.Unsafe.defineClass(Ljava/lang/String;[BII)Ljava/lang/Class; name or signature does not match> (0x00000000eab07cc0) thrown at [D:\re\workspace\8-2-build-windows-amd64-cygwin\jdk8u77\6540\hotspot\sr®½?ty{¥?
Event: 0.042 Thread 0x0000000001d4e800 Exception <a 'java/lang/NoSuchMethodError': Method sun.misc.Unsafe.prefetchRead(Ljava/lang/Object;J)V name or signature does not match> (0x00000000eab07fa8) thrown at [D:\re\workspace\8-2-build-windows-amd64-cygwin\jdk8u77\6540\hotspot\src\share\vm\prims\jÍ²×(@
Event: 4.289 Thread 0x0000000007b58800 Exception <a 'java/lang/ArrayIndexOutOfBoundsException': 18> (0x00000000ec9d58a0) thrown at [D:\re\workspace\8-2-build-windows-amd64-cygwin\jdk8u77\6540\hotspot\src\share\vm\interpreter\interpreterRuntime.cpp, line 366]
Event: 4.289 Thread 0x0000000007b58800 Exception <a 'java/lang/ArrayIndexOutOfBoundsException': 145> (0x00000000ec9d7420) thrown at [D:\re\workspace\8-2-build-windows-amd64-cygwin\jdk8u77\6540\hotspot\src\share\vm\interpreter\interpreterRuntime.cpp, line 366]
Event: 4.290 Thread 0x0000000007b58800 Exception <a 'java/lang/ArrayIndexOutOfBoundsException'> (0x00000000ec9d8708) thrown at [D:\re\workspace\8-2-build-windows-amd64-cygwin\jdk8u77\6540\hotspot\src\share\vm\runtime\sharedRuntime.cpp, line 605]

Events (10 events):
Event: 17.228 Thread 0x0000000007b50800 DEOPT PACKING pc=0x000000000f4c4570 sp=0x0000000008e4ea00
Event: 17.228 Thread 0x0000000007b50800 DEOPT UNPACKING pc=0x000000000f05787f sp=0x0000000008e4e830 mode 0
Event: 18.485 Thread 0x0000000007b50800 DEOPT PACKING pc=0x000000000f4ca908 sp=0x0000000008e4eab0
Event: 18.485 Thread 0x0000000007b50800 DEOPT UNPACKING pc=0x000000000f05787f sp=0x0000000008e4e810 mode 0
Event: 18.571 Thread 0x0000000007b58800 DEOPT PACKING pc=0x000000000f44917e sp=0x000000000929e920
Event: 18.571 Thread 0x0000000007b58800 DEOPT UNPACKING pc=0x000000000f05787f sp=0x000000000929e760 mode 0
Event: 19.642 loading class com/android/dx/cf/iface/ParseObserver
Event: 19.642 loading class com/android/dx/cf/iface/ParseObserver done
Event: 21.689 Executing VM operation: ParallelGCFailedAllocation
Event: 21.753 Executing VM operation: ParallelGCFailedAllocation done


Dynamic libraries:
0x000000013f870000 - 0x000000013f8a7000 	C:\Program Files\Java\jdk1.8.0_77\bin\java.exe
0x0000000076ff0000 - 0x000000007719a000 	C:\WINDOWS\SYSTEM32\ntdll.dll
0x0000000076ed0000 - 0x0000000076fef000 	C:\WINDOWS\system32\kernel32.dll
0x000007fefd290000 - 0x000007fefd2fb000 	C:\WINDOWS\system32\KERNELBASE.dll
0x000007fefdd70000 - 0x000007fefde4b000 	C:\WINDOWS\system32\ADVAPI32.dll
0x000007fefe2f0000 - 0x000007fefe38f000 	C:\WINDOWS\system32\msvcrt.dll
0x000007fefd960000 - 0x000007fefd97f000 	C:\WINDOWS\SYSTEM32\sechost.dll
0x000007fefd3a0000 - 0x000007fefd4cd000 	C:\WINDOWS\system32\RPCRT4.dll
0x0000000076dd0000 - 0x0000000076eca000 	C:\WINDOWS\system32\USER32.dll
0x000007fefda50000 - 0x000007fefdab7000 	C:\WINDOWS\system32\GDI32.dll
0x000007fefdd40000 - 0x000007fefdd4e000 	C:\WINDOWS\system32\LPK.dll
0x000007fefd980000 - 0x000007fefda4a000 	C:\WINDOWS\system32\USP10.dll
0x000007fefb640000 - 0x000007fefb834000 	C:\WINDOWS\WinSxS\amd64_microsoft.windows.common-controls_6595b64144ccf1df_6.0.7601.18837_none_fa3b1e3d17594757\COMCTL32.dll
0x000007fefde50000 - 0x000007fefdec1000 	C:\WINDOWS\system32\SHLWAPI.dll
0x000007fefd5b0000 - 0x000007fefd5de000 	C:\WINDOWS\system32\IMM32.DLL
0x000007fefd7f0000 - 0x000007fefd8f9000 	C:\WINDOWS\system32\MSCTF.dll
0x000007fefceb0000 - 0x000007fefcef0000 	C:\WINDOWS\system32\nvinitx.dll
0x000000000f000000 - 0x000000000f006000 	C:\Program Files\NVIDIA Corporation\CoProcManager\_etoured.dll
0x000007fefb980000 - 0x000007fefb9d6000 	C:\Program Files\NVIDIA Corporation\CoProcManager\nvd3d9wrapx.dll
0x000007fefdb60000 - 0x000007fefdd37000 	C:\WINDOWS\system32\SETUPAPI.dll
0x000007fefcfa0000 - 0x000007fefcfd6000 	C:\WINDOWS\system32\CFGMGR32.dll
0x000007fefd4d0000 - 0x000007fefd5a8000 	C:\WINDOWS\system32\OLEAUT32.dll
0x000007fefd5e0000 - 0x000007fefd7e3000 	C:\WINDOWS\system32\ole32.dll
0x000007fefd0c0000 - 0x000007fefd0da000 	C:\WINDOWS\system32\DEVOBJ.dll
0x000007fefb890000 - 0x000007fefb8cd000 	C:\Program Files\NVIDIA Corporation\CoProcManager\nvdxgiwrapx.dll
0x000000006da30000 - 0x000000006db02000 	C:\Program Files\Java\jdk1.8.0_77\jre\bin\msvcr100.dll
0x0000000069e30000 - 0x000000006a6c0000 	C:\Program Files\Java\jdk1.8.0_77\jre\bin\server\jvm.dll
0x000007fee7400000 - 0x000007fee7409000 	C:\WINDOWS\system32\WSOCK32.dll
0x000007fefe390000 - 0x000007fefe3dd000 	C:\WINDOWS\system32\WS2_32.dll
0x000007fefe260000 - 0x000007fefe268000 	C:\WINDOWS\system32\NSI.dll
0x000007fefbb70000 - 0x000007fefbbab000 	C:\WINDOWS\system32\WINMM.dll
0x000007fefc010000 - 0x000007fefc01c000 	C:\WINDOWS\system32\VERSION.dll
0x00000000771b0000 - 0x00000000771b7000 	C:\WINDOWS\system32\PSAPI.DLL
0x0000000073cd0000 - 0x0000000073cdf000 	C:\Program Files\Java\jdk1.8.0_77\jre\bin\verify.dll
0x00000000702e0000 - 0x0000000070309000 	C:\Program Files\Java\jdk1.8.0_77\jre\bin\java.dll
0x0000000070020000 - 0x0000000070036000 	C:\Program Files\Java\jdk1.8.0_77\jre\bin\zip.dll
0x000007fefe3e0000 - 0x000007feff169000 	C:\WINDOWS\system32\SHELL32.dll
0x000007fefcef0000 - 0x000007fefceff000 	C:\WINDOWS\system32\profapi.dll

VM Arguments:
jvm_args: -Djava.awt.headless=true -Xmx1024M -Dfile.encoding=GBK -Duser.country=CN -Duser.language=zh -Duser.variant 
java_command: com.android.dx.command.Main --dex --force-jumbo --num-threads=4 --output C:\DiscountSell\discountsell\build\intermediates\pre-dexed\debug\glide-3.7.0_1f3ddf859a86296da03fddcf50d19f29d652df81.jar C:\Users\Administrator\.gradle\caches\modules-2\files-2.1\com.github.bumptech.glide\glide\3.7.0\9e9eeaf9948ee4d6c3ab354e8dc14368f16994a4\glide-3.7.0.jar
java_class_path (initial): F:\develop\android-sdk-windows\android-sdk-windows\build-tools\24.0.0\lib\dx.jar
Launcher Type: SUN_STANDARD

Environment Variables:
JAVA_HOME=C:\Program Files\Java\jdk1.8.0_77
PATH=C:\Program Files\Java\jdk1.8.0_77\bin;C:\ProgramData\Oracle\Java\javapath;C:\WINDOWS\system32;C:\WINDOWS;C:\WINDOWS\System32\Wbem;C:\WINDOWS\System32\WindowsPowerShell\v1.0\;c:\Program Files\Git\cmd;C:\Program Files\TortoiseSVN\bin
USERNAME=Administrator
OS=Windows_NT
PROCESSOR_IDENTIFIER=Intel64 Family 6 Model 58 Stepping 9, GenuineIntel



---------------  S Y S T E M  ---------------

OS: Windows 7 , 64 bit Build 7601 (6.1.7601.19135)

CPU:total 4 (2 cores per cpu, 2 threads per core) family 6 model 58 stepping 9, cmov, cx8, fxsr, mmx, sse, sse2, sse3, ssse3, sse4.1, sse4.2, popcnt, avx, aes, clmul, erms, ht, tsc, tscinvbit, tscinv

Memory: 4k page, physical 8288616k(41488k free), swap 10383932k(56904k free)

vm_info: Java HotSpot(TM) 64-Bit Server VM (25.77-b03) for windows-amd64 JRE (1.8.0_77-b03), built on Mar 20 2016 22:01:33 by "java_re" with MS VC++ 10.0 (VS2010)

time: Thu Jul 14 17:48:58 2016
elapsed time: 22 seconds (0d 0h 0m 22s)

