#
# There is insufficient memory for the Java Runtime Environment to continue.
# Native memory allocation (malloc) failed to allocate 374256 bytes for Chunk::new
# Possible reasons:
#   The system is out of physical RAM or swap space
#   In 32 bit mode, the process size limit was hit
# Possible solutions:
#   Reduce memory load on the system
#   Increase physical memory or swap space
#   Check if swap backing store is full
#   Use 64 bit Java on a 64 bit OS
#   Decrease Java heap size (-Xmx/-Xms)
#   Decrease number of Java threads
#   Decrease Java thread stack sizes (-Xss)
#   Set larger code cache with -XX:ReservedCodeCacheSize=
# This output file may be truncated or incomplete.
#
#  Out of Memory Error (allocation.cpp:390), pid=7704, tid=7204
#
# JRE version: Java(TM) SE Runtime Environment (8.0_77-b03) (build 1.8.0_77-b03)
# Java VM: Java HotSpot(TM) 64-Bit Server VM (25.77-b03 mixed mode windows-amd64 compressed oops)
# Failed to write core dump. Minidumps are not enabled by default on client versions of Windows
#

---------------  T H R E A D  ---------------

Current thread (0x000000000632f000):  JavaThread "C2 CompilerThread0" daemon [_thread_in_native, id=7204, stack(0x0000000008040000,0x0000000008140000)]

Stack: [0x0000000008040000,0x0000000008140000]
[error occurred during error reporting (printing stack bounds), id 0xc0000005]

Native frames: (J=compiled Java code, j=interpreted, Vv=VM code, C=native code)


Current CompileTask:
C2:   5657 1594       4       com.android.dx.ssa.LiteralOpUpgrader::tryReplacingWithConstant (161 bytes)


---------------  P R O C E S S  ---------------

Java Threads: ( => current thread )
  0x0000000007d2b000 JavaThread "pool-1-thread-4" [_thread_blocked, id=7580, stack(0x0000000009300000,0x0000000009400000)]
  0x0000000007d27800 JavaThread "pool-1-thread-3" [_thread_in_vm_trans, id=7732, stack(0x0000000009400000,0x0000000009500000)]
  0x0000000007d26800 JavaThread "pool-1-thread-2" [_thread_blocked, id=7632, stack(0x0000000009200000,0x0000000009300000)]
  0x0000000007d1d000 JavaThread "pool-2-thread-1" [_thread_blocked, id=7236, stack(0x00000000081d0000,0x00000000082d0000)]
  0x0000000007c28800 JavaThread "pool-1-thread-1" [_thread_blocked, id=7992, stack(0x0000000008fc0000,0x00000000090c0000)]
  0x0000000007984000 JavaThread "Service Thread" daemon [_thread_blocked, id=6980, stack(0x0000000008460000,0x0000000008560000)]
  0x0000000007976000 JavaThread "C1 CompilerThread2" daemon [_thread_blocked, id=5948, stack(0x00000000082f0000,0x00000000083f0000)]
  0x0000000007975000 JavaThread "C2 CompilerThread1" daemon [_thread_blocked, id=6820, stack(0x0000000007ee0000,0x0000000007fe0000)]
=>0x000000000632f000 JavaThread "C2 CompilerThread0" daemon [_thread_in_native, id=7204, stack(0x0000000008040000,0x0000000008140000)]
  0x000000000796a800 JavaThread "Attach Listener" daemon [_thread_blocked, id=7200, stack(0x0000000007db0000,0x0000000007eb0000)]
  0x000000000632a000 JavaThread "Signal Dispatcher" daemon [_thread_blocked, id=6184, stack(0x00000000074c0000,0x00000000075c0000)]
  0x000000000630b800 JavaThread "Finalizer" daemon [_thread_blocked, id=7692, stack(0x0000000007860000,0x0000000007960000)]
  0x00000000062c2800 JavaThread "Reference Handler" daemon [_thread_blocked, id=6672, stack(0x0000000007670000,0x0000000007770000)]
  0x00000000028de800 JavaThread "main" [_thread_blocked, id=6784, stack(0x0000000002980000,0x0000000002a80000)]

Other Threads:
  0x00000000062bb000 VMThread [stack: 0x0000000007390000,0x0000000007490000] [id=3176]
  0x0000000007a46800 WatcherThread [stack: 0x0000000008660000,0x0000000008760000] [id=7960]

VM state:not at safepoint (normal execution)

VM Mutex/Monitor currently owned by a thread:  ([mutex/lock_event])
[0x00000000028dc740] Heap_lock - owner thread: 0x0000000007d2b000

Heap:
 PSYoungGen      total 38400K, used 5807K [0x00000000eab00000, 0x00000000ed580000, 0x0000000100000000)
  eden space 33280K, 2% used [0x00000000eab00000,0x00000000eabade80,0x00000000ecb80000)
  from space 5120K, 99% used [0x00000000ed080000,0x00000000ed57e038,0x00000000ed580000)
  to   space 5120K, 0% used [0x00000000ecb80000,0x00000000ecb80000,0x00000000ed080000)
 ParOldGen       total 87552K, used 4542K [0x00000000c0000000, 0x00000000c5580000, 0x00000000eab00000)
  object space 87552K, 5% used [0x00000000c0000000,0x00000000c046f910,0x00000000c5580000)
 Metaspace       used 6313K, capacity 7094K, committed 7296K, reserved 1056768K
  class space    used 607K, capacity 622K, committed 640K, reserved 1048576K

Card table byte_map: [0x0000000002e40000,0x0000000003050000] byte_map_base: 0x0000000002840000

Marking Bits: (ParMarkBitMap*) 0x000000006a640600
 Begin Bits: [0x0000000003730000, 0x0000000004730000)
 End Bits:   [0x0000000004730000, 0x0000000005730000)

Polling page: 0x0000000000140000

CodeCache: size=245760Kb used=6840Kb max_used=6873Kb free=238919Kb
 bounds [0x000000000f010000, 0x000000000f6d0000, 0x000000001e010000]
 total_blobs=1862 nmethods=1591 adapters=184
 compilation: enabled

Compilation events (10 events):
Event: 5.468 Thread 0x0000000007975000 1373       4       com.android.dx.rop.code.PlainInsn::withNewRegisters (18 bytes)
Event: 5.470 Thread 0x0000000007975000 nmethod 1373 0x000000000f6a2890 code [0x000000000f6a29e0, 0x000000000f6a2b98]
Event: 5.470 Thread 0x0000000007975000 1597       4       com.android.dx.ssa.back.FirstFitLocalCombiningAllocator$1::visitNonMoveInsn (6 bytes)
Event: 5.471 Thread 0x0000000007975000 nmethod 1597 0x000000000f500c10 code [0x000000000f500d60, 0x000000000f500dc8]
Event: 5.471 Thread 0x0000000007975000 1599       4       com.android.dx.ssa.NormalSsaInsn::toRopInsn (19 bytes)
Event: 5.471 Thread 0x0000000007975000 nmethod 1599 0x000000000f6a25d0 code [0x000000000f6a2720, 0x000000000f6a27b8]
Event: 5.471 Thread 0x0000000007975000 1352   !   4       com.android.dx.cf.code.BaseMachine::arg (36 bytes)
Event: 5.472 Thread 0x0000000007975000 nmethod 1352 0x000000000f6a2310 code [0x000000000f6a2440, 0x000000000f6a24d8]
Event: 5.472 Thread 0x0000000007975000 1592       4       com.android.dx.ssa.SsaBasicBlock::<init> (109 bytes)
Event: 5.481 Thread 0x0000000007975000 nmethod 1592 0x000000000f6a1690 code [0x000000000f6a1820, 0x000000000f6a1e98]

GC Heap History (4 events):
Event: 4.282 GC heap before
{Heap before GC invocations=1 (full 0):
 PSYoungGen      total 38400K, used 33280K [0x00000000eab00000, 0x00000000ed580000, 0x0000000100000000)
  eden space 33280K, 100% used [0x00000000eab00000,0x00000000ecb80000,0x00000000ecb80000)
  from space 5120K, 0% used [0x00000000ed080000,0x00000000ed080000,0x00000000ed580000)
  to   space 5120K, 0% used [0x00000000ecb80000,0x00000000ecb80000,0x00000000ed080000)
 ParOldGen       total 87552K, used 0K [0x00000000c0000000, 0x00000000c5580000, 0x00000000eab00000)
  object space 87552K, 0% used [0x00000000c0000000,0x00000000c0000000,0x00000000c5580000)
 Metaspace       used 6047K, capacity 6902K, committed 7040K, reserved 1056768K
  class space    used 605K, capacity 622K, committed 640K, reserved 1048576K
Event: 4.296 GC heap after
Heap after GC invocations=1 (full 0):
 PSYoungGen      total 38400K, used 5088K [0x00000000eab00000, 0x00000000ed580000, 0x0000000100000000)
  eden space 33280K, 0% used [0x00000000eab00000,0x00000000eab00000,0x00000000ecb80000)
  from space 5120K, 99% used [0x00000000ecb80000,0x00000000ed0783c8,0x00000000ed080000)
  to   space 5120K, 0% used [0x00000000ed080000,0x00000000ed080000,0x00000000ed580000)
 ParOldGen       total 87552K, used 792K [0x00000000c0000000, 0x00000000c5580000, 0x00000000eab00000)
  object space 87552K, 0% used [0x00000000c0000000,0x00000000c00c60c8,0x00000000c5580000)
 Metaspace       used 6047K, capacity 6902K, committed 7040K, reserved 1056768K
  class space    used 605K, capacity 622K, committed 640K, reserved 1048576K
}
Event: 5.281 GC heap before
{Heap before GC invocations=2 (full 0):
 PSYoungGen      total 38400K, used 38368K [0x00000000eab00000, 0x00000000ed580000, 0x0000000100000000)
  eden space 33280K, 100% used [0x00000000eab00000,0x00000000ecb80000,0x00000000ecb80000)
  from space 5120K, 99% used [0x00000000ecb80000,0x00000000ed0783c8,0x00000000ed080000)
  to   space 5120K, 0% used [0x00000000ed080000,0x00000000ed080000,0x00000000ed580000)
 ParOldGen       total 87552K, used 792K [0x00000000c0000000, 0x00000000c5580000, 0x00000000eab00000)
  object space 87552K, 0% used [0x00000000c0000000,0x00000000c00c60c8,0x00000000c5580000)
 Metaspace       used 6313K, capacity 7094K, committed 7296K, reserved 1056768K
  class space    used 607K, capacity 622K, committed 640K, reserved 1048576K
Event: 5.409 GC heap after
Heap after GC invocations=2 (full 0):
 PSYoungGen      total 38400K, used 5112K [0x00000000eab00000, 0x00000000ed580000, 0x0000000100000000)
  eden space 33280K, 0% used [0x00000000eab00000,0x00000000eab00000,0x00000000ecb80000)
  from space 5120K, 99% used [0x00000000ed080000,0x00000000ed57e038,0x00000000ed580000)
  to   space 5120K, 0% used [0x00000000ecb80000,0x00000000ecb80000,0x00000000ed080000)
 ParOldGen       total 87552K, used 4542K [0x00000000c0000000, 0x00000000c5580000, 0x00000000eab00000)
  object space 87552K, 5% used [0x00000000c0000000,0x00000000c046f910,0x00000000c5580000)
 Metaspace       used 6313K, capacity 7094K, committed 7296K, reserved 1056768K
  class space    used 607K, capacity 622K, committed 640K, reserved 1048576K
}

Deoptimization events (10 events):
Event: 3.045 Thread 0x0000000007d26800 Uncommon trap: reason=unstable_if action=reinterpret pc=0x000000000f25ba1c method=com.android.dx.rop.code.LocalItem.hashCode()I @ 25
Event: 3.046 Thread 0x0000000007d26800 Uncommon trap: reason=unstable_if action=reinterpret pc=0x000000000f283770 method=com.android.dx.rop.code.LocalItem.hashCode()I @ 25
Event: 3.078 Thread 0x00000000028de800 Uncommon trap: reason=unstable_if action=reinterpret pc=0x000000000f2b3818 method=com.android.dx.rop.code.LocalItem.hashCode()I @ 25
Event: 3.186 Thread 0x0000000007d26800 Uncommon trap: reason=unstable_if action=reinterpret pc=0x000000000f2badc4 method=com.android.dx.rop.cst.Constant.compareTo(Lcom/android/dx/rop/cst/Constant;)I @ 12
Event: 4.655 Thread 0x0000000007d26800 Uncommon trap: reason=class_check action=maybe_recompile pc=0x000000000f51080c method=com.android.dx.cf.code.BytecodeArray.parseInstruction(ILcom/android/dx/cf/code/BytecodeArray$Visitor;)I @ 2253
Event: 4.655 Thread 0x0000000007d26800 Uncommon trap: reason=class_check action=maybe_recompile pc=0x000000000f50fe6c method=com.android.dx.cf.code.BytecodeArray.parseInstruction(ILcom/android/dx/cf/code/BytecodeArray$Visitor;)I @ 2167
Event: 4.656 Thread 0x0000000007d26800 Uncommon trap: reason=class_check action=maybe_recompile pc=0x000000000f51080c method=com.android.dx.cf.code.BytecodeArray.parseInstruction(ILcom/android/dx/cf/code/BytecodeArray$Visitor;)I @ 2253
Event: 4.656 Thread 0x0000000007d26800 Uncommon trap: reason=class_check action=maybe_recompile pc=0x000000000f50fe6c method=com.android.dx.cf.code.BytecodeArray.parseInstruction(ILcom/android/dx/cf/code/BytecodeArray$Visitor;)I @ 2167
Event: 4.827 Thread 0x00000000028de800 Uncommon trap: reason=unstable_if action=reinterpret pc=0x000000000f46483c method=com.android.dx.ssa.SCCP.simulateStmt(Lcom/android/dx/ssa/SsaInsn;)V @ 53
Event: 4.898 Thread 0x0000000007d2b000 Uncommon trap: reason=null_check action=make_not_entrant pc=0x000000000f358b1c method=com.android.dx.ssa.SsaRenamer.getLocalForNewReg(I)Lcom/android/dx/rop/code/LocalItem; @ 19

Internal exceptions (3 events):
Event: 0.049 Thread 0x00000000028de800 Exception <a 'java/lang/NoSuchMethodError': Method sun.misc.Unsafe.defineClass(Ljava/lang/String;[BII)Ljava/lang/Class; name or signature does not match> (0x00000000eab07cc0) thrown at [D:\re\workspace\8-2-build-windows-amd64-cygwin\jdk8u77\6540\hotspot\sr˜‹¿~ùD©?
Event: 0.049 Thread 0x00000000028de800 Exception <a 'java/lang/NoSuchMethodError': Method sun.misc.Unsafe.prefetchRead(Ljava/lang/Object;J)V name or signature does not match> (0x00000000eab07fa8) thrown at [D:\re\workspace\8-2-build-windows-amd64-cygwin\jdk8u77\6540\hotspot\src\share\vm\prims\j∞`˝˝Mó@
Event: 4.898 Thread 0x0000000007d2b000 Implicit null exception at 0x000000000f356af3 to 0x000000000f358af5

Events (10 events):
Event: 4.711 loading class com/android/dx/cf/attrib/BaseAnnotations
Event: 4.711 loading class com/android/dx/cf/attrib/BaseAnnotations done
Event: 4.827 Thread 0x00000000028de800 Uncommon trap: trap_request=0xffffff65 fr.pc=0x000000000f46483c
Event: 4.827 Thread 0x00000000028de800 DEOPT PACKING pc=0x000000000f46483c sp=0x0000000002a7e3a0
Event: 4.827 Thread 0x00000000028de800 DEOPT UNPACKING pc=0x000000000f05582a sp=0x0000000002a7e368 mode 2
Event: 4.898 Thread 0x0000000007d2b000 Uncommon trap: trap_request=0xfffffff4 fr.pc=0x000000000f358b1c
Event: 4.898 Thread 0x0000000007d2b000 DEOPT PACKING pc=0x000000000f358b1c sp=0x00000000093fe650
Event: 4.898 Thread 0x0000000007d2b000 DEOPT UNPACKING pc=0x000000000f05582a sp=0x00000000093fe508 mode 2
Event: 5.281 Executing VM operation: ParallelGCFailedAllocation
Event: 5.409 Executing VM operation: ParallelGCFailedAllocation done


Dynamic libraries:
0x000000013f870000 - 0x000000013f8a7000 	C:\Program Files\Java\jdk1.8.0_77\bin\java.exe
0x0000000076ff0000 - 0x000000007719a000 	C:\WINDOWS\SYSTEM32\ntdll.dll
0x0000000076ed0000 - 0x0000000076fef000 	C:\WINDOWS\system32\kernel32.dll
0x000007fefd290000 - 0x000007fefd2fb000 	C:\WINDOWS\system32\KERNELBASE.dll
0x000007fefdd70000 - 0x000007fefde4b000 	C:\WINDOWS\system32\ADVAPI32.dll
0x000007fefe2f0000 - 0x000007fefe38f000 	C:\WINDOWS\system32\msvcrt.dll
0x000007fefd960000 - 0x000007fefd97f000 	C:\WINDOWS\SYSTEM32\sechost.dll
0x000007fefd3a0000 - 0x000007fefd4cd000 	C:\WINDOWS\system32\RPCRT4.dll
0x0000000076dd0000 - 0x0000000076eca000 	C:\WINDOWS\system32\USER32.dll
0x000007fefda50000 - 0x000007fefdab7000 	C:\WINDOWS\system32\GDI32.dll
0x000007fefdd40000 - 0x000007fefdd4e000 	C:\WINDOWS\system32\LPK.dll
0x000007fefd980000 - 0x000007fefda4a000 	C:\WINDOWS\system32\USP10.dll
0x000007fefb640000 - 0x000007fefb834000 	C:\WINDOWS\WinSxS\amd64_microsoft.windows.common-controls_6595b64144ccf1df_6.0.7601.18837_none_fa3b1e3d17594757\COMCTL32.dll
0x000007fefde50000 - 0x000007fefdec1000 	C:\WINDOWS\system32\SHLWAPI.dll
0x000007fefd5b0000 - 0x000007fefd5de000 	C:\WINDOWS\system32\IMM32.DLL
0x000007fefd7f0000 - 0x000007fefd8f9000 	C:\WINDOWS\system32\MSCTF.dll
0x000007fefceb0000 - 0x000007fefcef0000 	C:\WINDOWS\system32\nvinitx.dll
0x000000000f000000 - 0x000000000f006000 	C:\Program Files\NVIDIA Corporation\CoProcManager\_etoured.dll
0x000007fefb980000 - 0x000007fefb9d6000 	C:\Program Files\NVIDIA Corporation\CoProcManager\nvd3d9wrapx.dll
0x000007fefdb60000 - 0x000007fefdd37000 	C:\WINDOWS\system32\SETUPAPI.dll
0x000007fefcfa0000 - 0x000007fefcfd6000 	C:\WINDOWS\system32\CFGMGR32.dll
0x000007fefd4d0000 - 0x000007fefd5a8000 	C:\WINDOWS\system32\OLEAUT32.dll
0x000007fefd5e0000 - 0x000007fefd7e3000 	C:\WINDOWS\system32\ole32.dll
0x000007fefd0c0000 - 0x000007fefd0da000 	C:\WINDOWS\system32\DEVOBJ.dll
0x000007fefb890000 - 0x000007fefb8cd000 	C:\Program Files\NVIDIA Corporation\CoProcManager\nvdxgiwrapx.dll
0x000000006da30000 - 0x000000006db02000 	C:\Program Files\Java\jdk1.8.0_77\jre\bin\msvcr100.dll
0x0000000069e30000 - 0x000000006a6c0000 	C:\Program Files\Java\jdk1.8.0_77\jre\bin\server\jvm.dll
0x000007fee7400000 - 0x000007fee7409000 	C:\WINDOWS\system32\WSOCK32.dll
0x000007fefe390000 - 0x000007fefe3dd000 	C:\WINDOWS\system32\WS2_32.dll
0x000007fefe260000 - 0x000007fefe268000 	C:\WINDOWS\system32\NSI.dll
0x000007fefbb70000 - 0x000007fefbbab000 	C:\WINDOWS\system32\WINMM.dll
0x000007fefc010000 - 0x000007fefc01c000 	C:\WINDOWS\system32\VERSION.dll
0x00000000771b0000 - 0x00000000771b7000 	C:\WINDOWS\system32\PSAPI.DLL
0x0000000073cd0000 - 0x0000000073cdf000 	C:\Program Files\Java\jdk1.8.0_77\jre\bin\verify.dll
0x00000000702e0000 - 0x0000000070309000 	C:\Program Files\Java\jdk1.8.0_77\jre\bin\java.dll
0x0000000070020000 - 0x0000000070036000 	C:\Program Files\Java\jdk1.8.0_77\jre\bin\zip.dll
0x000007fefe3e0000 - 0x000007feff169000 	C:\WINDOWS\system32\SHELL32.dll
0x000007fefcef0000 - 0x000007fefceff000 	C:\WINDOWS\system32\profapi.dll

VM Arguments:
jvm_args: -Djava.awt.headless=true -Xmx1024M -Dfile.encoding=GBK -Duser.country=CN -Duser.language=zh -Duser.variant 
java_command: com.android.dx.command.Main --dex --force-jumbo --num-threads=4 --output C:\DiscountSell\discountsell\build\intermediates\pre-dexed\debug\internal_impl-24.0.0_e4d453519faa745f2518669dcc5e5241d8e956ac.jar C:\DiscountSell\discountsell\build\intermediates\exploded-aar\com.android.support\support-v4\24.0.0\jars\libs\internal_impl-24.0.0.jar
java_class_path (initial): F:\develop\android-sdk-windows\android-sdk-windows\build-tools\24.0.0\lib\dx.jar
Launcher Type: SUN_STANDARD

Environment Variables:
JAVA_HOME=C:\Program Files\Java\jdk1.8.0_77
PATH=C:\Program Files\Java\jdk1.8.0_77\bin;C:\ProgramData\Oracle\Java\javapath;C:\WINDOWS\system32;C:\WINDOWS;C:\WINDOWS\System32\Wbem;C:\WINDOWS\System32\WindowsPowerShell\v1.0\;c:\Program Files\Git\cmd;C:\Program Files\TortoiseSVN\bin
USERNAME=Administrator
OS=Windows_NT
PROCESSOR_IDENTIFIER=Intel64 Family 6 Model 58 Stepping 9, GenuineIntel



---------------  S Y S T E M  ---------------

OS: Windows 7 , 64 bit Build 7601 (6.1.7601.19135)

CPU:total 4 (2 cores per cpu, 2 threads per core) family 6 model 58 stepping 9, cmov, cx8, fxsr, mmx, sse, sse2, sse3, ssse3, sse4.1, sse4.2, popcnt, avx, aes, clmul, erms, ht, tsc, tscinvbit, tscinv

Memory: 4k page, physical 8288616k(327904k free), swap 10383932k(5280k free)

vm_info: Java HotSpot(TM) 64-Bit Server VM (25.77-b03) for windows-amd64 JRE (1.8.0_77-b03), built on Mar 20 2016 22:01:33 by "java_re" with MS VC++ 10.0 (VS2010)

time: Thu Jul 14 17:49:40 2016
elapsed time: 5 seconds (0d 0h 0m 5s)

